Dummy commit at Wed Apr 23 06:50:00 UTC 2025
Dummy commit at Wed Apr 23 06:53:34 UTC 2025
Dummy commit at Wed Apr 23 16:45:37 UTC 2025
Dummy commit at Thu Apr 24 16:43:26 UTC 2025
Dummy commit at Fri Apr 25 16:42:49 UTC 2025
Dummy commit at Sat Apr 26 16:39:02 UTC 2025
Dummy commit at Sun Apr 27 16:39:38 UTC 2025
Dummy commit at Mon Apr 28 16:42:14 UTC 2025
Dummy commit at Tue Apr 29 16:43:10 UTC 2025
Dummy commit at Wed Apr 30 16:43:38 UTC 2025
Dummy commit at Thu May  1 16:43:14 UTC 2025
Dummy commit at Fri May  2 16:43:09 UTC 2025
Dummy commit at Sat May  3 16:40:14 UTC 2025
Dummy commit at Sun May  4 16:40:23 UTC 2025
Dummy commit at Mon May  5 16:43:55 UTC 2025
Dummy commit at Tue May  6 16:42:52 UTC 2025
Dummy commit at Wed May  7 16:45:07 UTC 2025
Dummy commit at Thu May  8 16:44:47 UTC 2025
Dummy commit at Fri May  9 16:41:36 UTC 2025
Dummy commit at Sat May 10 16:41:45 UTC 2025
Dummy commit at Sun May 11 16:40:44 UTC 2025
Dummy commit at Mon May 12 16:44:52 UTC 2025
Dummy commit at Tue May 13 16:44:51 UTC 2025
Dummy commit at Wed May 14 16:44:07 UTC 2025
Dummy commit at Thu May 15 16:44:41 UTC 2025
Dummy commit at Fri May 16 16:43:16 UTC 2025
Dummy commit at Sat May 17 16:41:31 UTC 2025
Dummy commit at Sun May 18 16:40:25 UTC 2025
Dummy commit at Mon May 19 16:44:46 UTC 2025
Dummy commit at Tue May 20 16:44:12 UTC 2025
Dummy commit at Wed May 21 16:44:52 UTC 2025
Dummy commit at Thu May 22 16:44:16 UTC 2025
Dummy commit at Fri May 23 16:42:58 UTC 2025
Dummy commit at Sat May 24 16:40:34 UTC 2025
Dummy commit at Sun May 25 16:42:19 UTC 2025
Dummy commit at Mon May 26 16:43:34 UTC 2025
Dummy commit at Tue May 27 16:45:01 UTC 2025
Dummy commit at Wed May 28 16:44:01 UTC 2025
Dummy commit at Thu May 29 16:44:48 UTC 2025
Dummy commit at Fri May 30 16:44:02 UTC 2025
Dummy commit at Sat May 31 16:42:58 UTC 2025
Dummy commit at Sun Jun  1 16:42:38 UTC 2025
Dummy commit at Mon Jun  2 16:46:42 UTC 2025
Dummy commit at Tue Jun  3 16:47:00 UTC 2025
Dummy commit at Wed Jun  4 16:42:21 UTC 2025
Dummy commit at Thu Jun  5 16:44:11 UTC 2025
Dummy commit at Fri Jun  6 16:45:04 UTC 2025
Dummy commit at Sat Jun  7 16:43:31 UTC 2025
Dummy commit at Sun Jun  8 16:42:03 UTC 2025
Dummy commit at Sun Jun  8 17:36:30 UTC 2025
Dummy commit at Sun Jun  8 17:39:15 UTC 2025
Dummy commit at Mon Jun  9 16:44:27 UTC 2025
Dummy commit at Tue Jun 10 16:43:01 UTC 2025
Dummy commit at Wed Jun 11 16:43:46 UTC 2025
Dummy commit at Thu Jun 12 16:43:13 UTC 2025
Dummy commit at Fri Jun 13 16:42:20 UTC 2025
Dummy commit at Sat Jun 14 16:37:36 UTC 2025
Dummy commit at Sun Jun 15 16:38:26 UTC 2025
Dummy commit at Mon Jun 16 16:43:09 UTC 2025
Dummy commit at Tue Jun 17 16:43:42 UTC 2025
Dummy commit at Wed Jun 18 16:43:25 UTC 2025
Dummy commit at Thu Jun 19 16:42:11 UTC 2025
Dummy commit at Fri Jun 20 16:41:30 UTC 2025
Dummy commit at Sat Jun 21 16:40:11 UTC 2025
Dummy commit at Sun Jun 22 16:39:22 UTC 2025
Dummy commit at Mon Jun 23 16:43:37 UTC 2025
Dummy commit at Tue Jun 24 16:43:31 UTC 2025
Dummy commit at Wed Jun 25 16:44:11 UTC 2025
Dummy commit at Thu Jun 26 16:42:48 UTC 2025
Dummy commit at Fri Jun 27 16:39:46 UTC 2025
Dummy commit at Sat Jun 28 16:39:45 UTC 2025
Dummy commit at Sun Jun 29 16:39:42 UTC 2025
Dummy commit at Mon Jun 30 16:43:29 UTC 2025
Dummy commit at Tue Jul  1 16:43:09 UTC 2025
Dummy commit at Wed Jul  2 16:43:41 UTC 2025
Dummy commit at Thu Jul  3 16:43:43 UTC 2025
Dummy commit at Fri Jul  4 16:40:58 UTC 2025
Dummy commit at Sat Jul  5 16:39:17 UTC 2025
Dummy commit at Sun Jul  6 16:38:36 UTC 2025
Dummy commit at Mon Jul  7 16:43:17 UTC 2025
Dummy commit at Tue Jul  8 16:43:57 UTC 2025
Dummy commit at Wed Jul  9 16:44:22 UTC 2025
Dummy commit at Thu Jul 10 16:45:29 UTC 2025
Dummy commit at Fri Jul 11 16:43:28 UTC 2025
Dummy commit at Sat Jul 12 16:39:51 UTC 2025
Dummy commit at Sun Jul 13 16:39:46 UTC 2025
Dummy commit at Mon Jul 14 16:44:33 UTC 2025
Dummy commit at Tue Jul 15 16:44:54 UTC 2025
Dummy commit at Wed Jul 16 16:45:29 UTC 2025
Dummy commit at Thu Jul 17 16:45:16 UTC 2025
Dummy commit at Fri Jul 18 16:45:26 UTC 2025
Dummy commit at Sat Jul 19 16:41:38 UTC 2025
Dummy commit at Sun Jul 20 16:40:54 UTC 2025
Dummy commit at Mon Jul 21 16:45:38 UTC 2025
Dummy commit at Tue Jul 22 16:46:08 UTC 2025
Dummy commit at Wed Jul 23 16:46:32 UTC 2025
Dummy commit at Thu Jul 24 16:43:31 UTC 2025
Dummy commit at Fri Jul 25 16:44:43 UTC 2025
Dummy commit at Sat Jul 26 16:42:58 UTC 2025
Dummy commit at Sun Jul 27 16:41:58 UTC 2025
Dummy commit at Mon Jul 28 16:46:22 UTC 2025
Dummy commit at Tue Jul 29 16:46:09 UTC 2025
Dummy commit at Wed Jul 30 16:45:03 UTC 2025
Dummy commit at Thu Jul 31 16:46:38 UTC 2025
Dummy commit at Fri Aug  1 16:46:04 UTC 2025
Dummy commit at Sat Aug  2 16:42:59 UTC 2025
Dummy commit at Sun Aug  3 16:42:45 UTC 2025
Dummy commit at Mon Aug  4 16:48:29 UTC 2025
Dummy commit at Tue Aug  5 16:38:10 UTC 2025
Dummy commit at Wed Aug  6 16:46:43 UTC 2025
Dummy commit at Thu Aug  7 16:45:46 UTC 2025
Dummy commit at Fri Aug  8 16:40:53 UTC 2025
Dummy commit at Sat Aug  9 16:40:38 UTC 2025
Dummy commit at Sun Aug 10 16:41:14 UTC 2025
Dummy commit at Mon Aug 11 16:45:09 UTC 2025
Dummy commit at Tue Aug 12 16:43:57 UTC 2025
